<?xml version="1.0" encoding="UTF-8"?>
<!-- Generated by org.testng.reporters.JUnitReportReporter -->
<testsuite hostname="BASHA" failures="0" tests="1" name="practice.Post_Request" time="5.132" errors="0" timestamp="2022-09-27T21:35:08 IST" skipped="0">
  <testcase classname="practice.Post_Request" name="postRequest" time="5.132"/>
  <system-out/>
</testsuite> <!-- practice.Post_Request -->
