<?xml version="1.0" encoding="UTF-8"?>
<!-- Generated by org.testng.reporters.JUnitReportReporter -->
<testsuite hostname="BASHA" failures="0" tests="1" name="sample.TC006_GET_All_Headers_values" time="5.979" errors="0" timestamp="2022-09-26T22:51:43 IST" skipped="0">
  <testcase classname="sample.TC006_GET_All_Headers_values" name="getHeadersValue" time="5.979"/>
  <system-out/>
</testsuite> <!-- sample.TC006_GET_All_Headers_values -->
