<?xml version="1.0" encoding="UTF-8"?>
<!-- Generated by org.testng.reporters.JUnitReportReporter -->
<testsuite hostname="BASHA" failures="0" tests="1" name="sample.DemoGet" time="5.878" errors="0" timestamp="2022-09-25T07:28:41 IST" skipped="0">
  <testcase classname="sample.DemoGet" name="getWheatherDetails" time="5.878"/>
  <system-out/>
</testsuite> <!-- sample.DemoGet -->
