<?xml version="1.0" encoding="UTF-8"?>
<!-- Generated by org.testng.reporters.JUnitReportReporter -->
<testsuite hostname="BASHA" failures="0" tests="1" name="sample.TC002_POST_Request" time="7.184" errors="0" timestamp="2022-09-25T22:33:44 IST" skipped="0">
  <testcase classname="sample.TC002_POST_Request" name="postRequest" time="7.184"/>
  <system-out/>
</testsuite> <!-- sample.TC002_POST_Request -->
