<?xml version="1.0" encoding="UTF-8"?>
<!-- Generated by org.testng.reporters.JUnitReportReporter -->
<testsuite hostname="BASHA" failures="0" tests="1" name="sample.TC005_GET_Validating_Body" time="4.085" errors="0" timestamp="2022-09-26T00:35:13 IST" skipped="0">
  <testcase classname="sample.TC005_GET_Validating_Body" name="getBodyValidation" time="4.085"/>
  <system-out/>
</testsuite> <!-- sample.TC005_GET_Validating_Body -->
