<?xml version="1.0" encoding="UTF-8"?>
<!-- Generated by org.testng.reporters.JUnitReportReporter -->
<testsuite hostname="BASHA" failures="0" tests="3" name="datadriventesting.Datadrivern_POST_MultipleUserss" time="10.502" errors="0" timestamp="2022-09-27T19:56:25 IST" skipped="0">
  <testcase classname="datadriventesting.Datadrivern_POST_MultipleUserss" name="postMultipleUsers" time="2.454"/>
  <system-out/>
  <testcase classname="datadriventesting.Datadrivern_POST_MultipleUserss" name="postMultipleUsers" time="3.373"/>
  <system-out/>
  <testcase classname="datadriventesting.Datadrivern_POST_MultipleUserss" name="postMultipleUsers" time="4.675"/>
  <system-out/>
</testsuite> <!-- datadriventesting.Datadrivern_POST_MultipleUserss -->
