<?xml version="1.0" encoding="UTF-8"?>
<!-- Generated by org.testng.reporters.JUnitReportReporter -->
<testsuite hostname="BASHA" failures="0" tests="1" name="practice.Delete_Request" time="2.861" errors="0" timestamp="2022-09-27T22:30:11 IST" skipped="0">
  <testcase classname="practice.Delete_Request" name="deleteRequest" time="2.861"/>
  <system-out/>
</testsuite> <!-- practice.Delete_Request -->
