<?xml version="1.0" encoding="UTF-8"?>
<!-- Generated by org.testng.reporters.JUnitReportReporter -->
<testsuite hostname="BASHA" failures="0" tests="1" name="sample.TC003_GET_Request" time="3.709" errors="0" timestamp="2022-09-26T00:10:43 IST" skipped="0">
  <testcase classname="sample.TC003_GET_Request" name="getRequest" time="3.709"/>
  <system-out/>
</testsuite> <!-- sample.TC003_GET_Request -->
