<?xml version="1.0" encoding="UTF-8"?>
<!-- Generated by org.testng.reporters.JUnitReportReporter -->
<testsuite hostname="BASHA" failures="0" tests="1" name="practice.Put_Request" time="4.402" errors="0" timestamp="2022-09-27T22:17:24 IST" skipped="0">
  <testcase classname="practice.Put_Request" name="putRequest" time="4.402"/>
  <system-out/>
</testsuite> <!-- practice.Put_Request -->
