<?xml version="1.0" encoding="UTF-8"?>
<!-- Generated by org.testng.reporters.JUnitReportReporter -->
<testsuite hostname="BASHA" failures="0" tests="1" name="sample.TC001_GET_Request" time="4.122" errors="0" timestamp="2022-09-25T07:13:15 IST" skipped="0">
  <testcase classname="sample.TC001_GET_Request" name="getweatherDetails" time="4.122"/>
  <system-out/>
</testsuite> <!-- sample.TC001_GET_Request -->
