<?xml version="1.0" encoding="UTF-8"?>
<!-- Generated by org.testng.reporters.JUnitReportReporter -->
<testsuite hostname="BASHA" failures="0" tests="1" name="datadriventesting.DataDrivenTetsing_POST_Newemployes" time="5.886" errors="0" timestamp="2022-09-27T07:01:42 IST" skipped="0">
  <testcase classname="datadriventesting.DataDrivenTetsing_POST_Newemployes" name="postDataDriven" time="5.886"/>
  <system-out/>
</testsuite> <!-- datadriventesting.DataDrivenTetsing_POST_Newemployes -->
