<?xml version="1.0" encoding="UTF-8"?>
<!-- Generated by org.testng.reporters.JUnitReportReporter -->
<testsuite hostname="BASHA" failures="0" tests="1" name="practice.Get_1" time="58.807" errors="0" timestamp="2022-09-27T21:18:32 IST" skipped="0">
  <testcase classname="practice.Get_1" name="get_Request" time="58.807"/>
  <system-out/>
</testsuite> <!-- practice.Get_1 -->
