<?xml version="1.0" encoding="UTF-8"?>
<!-- Generated by org.testng.reporters.JUnitReportReporter -->
<testsuite hostname="BASHA" failures="0" tests="1" name="sample.TC004_GET_All_Headers" time="5.214" errors="0" timestamp="2022-09-26T00:20:17 IST" skipped="0">
  <testcase classname="sample.TC004_GET_All_Headers" name="getAllHeaders" time="5.214"/>
  <system-out/>
</testsuite> <!-- sample.TC004_GET_All_Headers -->
